[0.106s] DEBUG:colcon:Command line arguments: ['/usr/bin/colcon', 'build']
[0.106s] DEBUG:colcon:Parsed command line arguments: Namespace(log_base=None, log_level=None, verb_name='build', build_base='build', install_base='install', merge_install=False, symlink_install=False, test_result_base=None, continue_on_error=False, executor='parallel', parallel_workers=8, event_handlers=None, ignore_user_meta=False, metas=['./colcon.meta'], base_paths=['.'], packages_ignore=None, packages_ignore_regex=None, paths=None, packages_up_to=None, packages_up_to_regex=None, packages_above=None, packages_above_and_dependencies=None, packages_above_depth=None, packages_select_by_dep=None, packages_skip_by_dep=None, packages_skip_up_to=None, packages_select_build_failed=False, packages_skip_build_finished=False, packages_select_test_failures=False, packages_skip_test_passed=False, packages_select=None, packages_skip=None, packages_select_regex=None, packages_skip_regex=None, packages_start=None, packages_end=None, allow_overriding=[], cmake_args=None, cmake_target=None, cmake_target_skip_unavailable=False, cmake_clean_cache=False, cmake_clean_first=False, cmake_force_configure=False, ament_cmake_args=None, catkin_cmake_args=None, catkin_skip_building_tests=False, verb_parser=<colcon_defaults.argument_parser.defaults.DefaultArgumentsDecorator object at 0x78e380d804f0>, verb_extension=<colcon_core.verb.build.BuildVerb object at 0x78e380d4ff10>, main=<bound method BuildVerb.main of <colcon_core.verb.build.BuildVerb object at 0x78e380d4ff10>>)
[0.150s] Level 1:colcon.colcon_core.package_discovery:discover_packages(colcon_meta) check parameters
[0.150s] Level 1:colcon.colcon_core.package_discovery:discover_packages(recursive) check parameters
[0.151s] Level 1:colcon.colcon_core.package_discovery:discover_packages(ignore) check parameters
[0.151s] Level 1:colcon.colcon_core.package_discovery:discover_packages(path) check parameters
[0.151s] Level 1:colcon.colcon_core.package_discovery:discover_packages(colcon_meta) discover
[0.151s] Level 1:colcon.colcon_core.package_discovery:discover_packages(recursive) discover
[0.151s] INFO:colcon.colcon_core.package_discovery:Crawling recursively for packages in '/home/rex/hils/hils_ws'
[0.151s] Level 1:colcon.colcon_core.package_identification:_identify(.) by extensions ['ignore', 'ignore_ament_install']
[0.151s] Level 1:colcon.colcon_core.package_identification:_identify(.) by extension 'ignore'
[0.151s] Level 1:colcon.colcon_core.package_identification:_identify(.) by extension 'ignore_ament_install'
[0.151s] Level 1:colcon.colcon_core.package_identification:_identify(.) by extensions ['colcon_pkg']
[0.151s] Level 1:colcon.colcon_core.package_identification:_identify(.) by extension 'colcon_pkg'
[0.152s] Level 1:colcon.colcon_core.package_identification:_identify(.) by extensions ['colcon_meta']
[0.152s] Level 1:colcon.colcon_core.package_identification:_identify(.) by extension 'colcon_meta'
[0.152s] Level 1:colcon.colcon_core.package_identification:_identify(.) by extensions ['ros']
[0.152s] Level 1:colcon.colcon_core.package_identification:_identify(.) by extension 'ros'
[0.172s] Level 1:colcon.colcon_core.package_identification:_identify(.) by extensions ['cmake', 'python']
[0.172s] Level 1:colcon.colcon_core.package_identification:_identify(.) by extension 'cmake'
[0.172s] Level 1:colcon.colcon_core.package_identification:_identify(.) by extension 'python'
[0.173s] Level 1:colcon.colcon_core.package_identification:_identify(.) by extensions ['python_setup_py']
[0.173s] Level 1:colcon.colcon_core.package_identification:_identify(.) by extension 'python_setup_py'
[0.173s] Level 1:colcon.colcon_core.package_identification:_identify(build) by extensions ['ignore', 'ignore_ament_install']
[0.173s] Level 1:colcon.colcon_core.package_identification:_identify(build) by extension 'ignore'
[0.173s] Level 1:colcon.colcon_core.package_identification:_identify(build) ignored
[0.173s] Level 1:colcon.colcon_core.package_identification:_identify(install) by extensions ['ignore', 'ignore_ament_install']
[0.173s] Level 1:colcon.colcon_core.package_identification:_identify(install) by extension 'ignore'
[0.173s] Level 1:colcon.colcon_core.package_identification:_identify(install) ignored
[0.173s] Level 1:colcon.colcon_core.package_identification:_identify(log) by extensions ['ignore', 'ignore_ament_install']
[0.174s] Level 1:colcon.colcon_core.package_identification:_identify(log) by extension 'ignore'
[0.174s] Level 1:colcon.colcon_core.package_identification:_identify(log) ignored
[0.174s] Level 1:colcon.colcon_core.package_identification:_identify(src) by extensions ['ignore', 'ignore_ament_install']
[0.174s] Level 1:colcon.colcon_core.package_identification:_identify(src) by extension 'ignore'
[0.174s] Level 1:colcon.colcon_core.package_identification:_identify(src) by extension 'ignore_ament_install'
[0.174s] Level 1:colcon.colcon_core.package_identification:_identify(src) by extensions ['colcon_pkg']
[0.174s] Level 1:colcon.colcon_core.package_identification:_identify(src) by extension 'colcon_pkg'
[0.174s] Level 1:colcon.colcon_core.package_identification:_identify(src) by extensions ['colcon_meta']
[0.174s] Level 1:colcon.colcon_core.package_identification:_identify(src) by extension 'colcon_meta'
[0.174s] Level 1:colcon.colcon_core.package_identification:_identify(src) by extensions ['ros']
[0.174s] Level 1:colcon.colcon_core.package_identification:_identify(src) by extension 'ros'
[0.174s] Level 1:colcon.colcon_core.package_identification:_identify(src) by extensions ['cmake', 'python']
[0.174s] Level 1:colcon.colcon_core.package_identification:_identify(src) by extension 'cmake'
[0.174s] Level 1:colcon.colcon_core.package_identification:_identify(src) by extension 'python'
[0.174s] Level 1:colcon.colcon_core.package_identification:_identify(src) by extensions ['python_setup_py']
[0.174s] Level 1:colcon.colcon_core.package_identification:_identify(src) by extension 'python_setup_py'
[0.174s] Level 1:colcon.colcon_core.package_identification:_identify(src/testing_server) by extensions ['ignore', 'ignore_ament_install']
[0.175s] Level 1:colcon.colcon_core.package_identification:_identify(src/testing_server) by extension 'ignore'
[0.175s] Level 1:colcon.colcon_core.package_identification:_identify(src/testing_server) by extension 'ignore_ament_install'
[0.175s] Level 1:colcon.colcon_core.package_identification:_identify(src/testing_server) by extensions ['colcon_pkg']
[0.175s] Level 1:colcon.colcon_core.package_identification:_identify(src/testing_server) by extension 'colcon_pkg'
[0.175s] Level 1:colcon.colcon_core.package_identification:_identify(src/testing_server) by extensions ['colcon_meta']
[0.175s] Level 1:colcon.colcon_core.package_identification:_identify(src/testing_server) by extension 'colcon_meta'
[0.175s] Level 1:colcon.colcon_core.package_identification:_identify(src/testing_server) by extensions ['ros']
[0.175s] Level 1:colcon.colcon_core.package_identification:_identify(src/testing_server) by extension 'ros'
[0.175s] Level 1:colcon.colcon_core.package_identification:_identify(src/testing_server) by extensions ['cmake', 'python']
[0.175s] Level 1:colcon.colcon_core.package_identification:_identify(src/testing_server) by extension 'cmake'
[0.175s] Level 1:colcon.colcon_core.package_identification:_identify(src/testing_server) by extension 'python'
[0.175s] Level 1:colcon.colcon_core.package_identification:_identify(src/testing_server) by extensions ['python_setup_py']
[0.175s] Level 1:colcon.colcon_core.package_identification:_identify(src/testing_server) by extension 'python_setup_py'
[0.175s] Level 1:colcon.colcon_core.package_identification:_identify(src/testing_server/hils_ugv) by extensions ['ignore', 'ignore_ament_install']
[0.175s] Level 1:colcon.colcon_core.package_identification:_identify(src/testing_server/hils_ugv) by extension 'ignore'
[0.175s] Level 1:colcon.colcon_core.package_identification:_identify(src/testing_server/hils_ugv) by extension 'ignore_ament_install'
[0.175s] Level 1:colcon.colcon_core.package_identification:_identify(src/testing_server/hils_ugv) by extensions ['colcon_pkg']
[0.175s] Level 1:colcon.colcon_core.package_identification:_identify(src/testing_server/hils_ugv) by extension 'colcon_pkg'
[0.176s] Level 1:colcon.colcon_core.package_identification:_identify(src/testing_server/hils_ugv) by extensions ['colcon_meta']
[0.176s] Level 1:colcon.colcon_core.package_identification:_identify(src/testing_server/hils_ugv) by extension 'colcon_meta'
[0.176s] Level 1:colcon.colcon_core.package_identification:_identify(src/testing_server/hils_ugv) by extensions ['ros']
[0.176s] Level 1:colcon.colcon_core.package_identification:_identify(src/testing_server/hils_ugv) by extension 'ros'
[0.176s] Level 1:colcon.colcon_core.package_identification:_identify(src/testing_server/hils_ugv) by extensions ['cmake', 'python']
[0.176s] Level 1:colcon.colcon_core.package_identification:_identify(src/testing_server/hils_ugv) by extension 'cmake'
[0.176s] Level 1:colcon.colcon_core.package_identification:_identify(src/testing_server/hils_ugv) by extension 'python'
[0.176s] Level 1:colcon.colcon_core.package_identification:_identify(src/testing_server/hils_ugv) by extensions ['python_setup_py']
[0.176s] Level 1:colcon.colcon_core.package_identification:_identify(src/testing_server/hils_ugv) by extension 'python_setup_py'
[0.176s] Level 1:colcon.colcon_core.package_identification:_identify(src/testing_server/hils_ws) by extensions ['ignore', 'ignore_ament_install']
[0.176s] Level 1:colcon.colcon_core.package_identification:_identify(src/testing_server/hils_ws) by extension 'ignore'
[0.176s] Level 1:colcon.colcon_core.package_identification:_identify(src/testing_server/hils_ws) by extension 'ignore_ament_install'
[0.176s] Level 1:colcon.colcon_core.package_identification:_identify(src/testing_server/hils_ws) by extensions ['colcon_pkg']
[0.176s] Level 1:colcon.colcon_core.package_identification:_identify(src/testing_server/hils_ws) by extension 'colcon_pkg'
[0.176s] Level 1:colcon.colcon_core.package_identification:_identify(src/testing_server/hils_ws) by extensions ['colcon_meta']
[0.176s] Level 1:colcon.colcon_core.package_identification:_identify(src/testing_server/hils_ws) by extension 'colcon_meta'
[0.176s] Level 1:colcon.colcon_core.package_identification:_identify(src/testing_server/hils_ws) by extensions ['ros']
[0.176s] Level 1:colcon.colcon_core.package_identification:_identify(src/testing_server/hils_ws) by extension 'ros'
[0.176s] Level 1:colcon.colcon_core.package_identification:_identify(src/testing_server/hils_ws) by extensions ['cmake', 'python']
[0.177s] Level 1:colcon.colcon_core.package_identification:_identify(src/testing_server/hils_ws) by extension 'cmake'
[0.177s] Level 1:colcon.colcon_core.package_identification:_identify(src/testing_server/hils_ws) by extension 'python'
[0.177s] Level 1:colcon.colcon_core.package_identification:_identify(src/testing_server/hils_ws) by extensions ['python_setup_py']
[0.177s] Level 1:colcon.colcon_core.package_identification:_identify(src/testing_server/hils_ws) by extension 'python_setup_py'
[0.177s] Level 1:colcon.colcon_core.package_identification:_identify(src/testing_server/hils_ws/build) by extensions ['ignore', 'ignore_ament_install']
[0.177s] Level 1:colcon.colcon_core.package_identification:_identify(src/testing_server/hils_ws/build) by extension 'ignore'
[0.177s] Level 1:colcon.colcon_core.package_identification:_identify(src/testing_server/hils_ws/build) ignored
[0.177s] Level 1:colcon.colcon_core.package_identification:_identify(src/testing_server/hils_ws/install) by extensions ['ignore', 'ignore_ament_install']
[0.177s] Level 1:colcon.colcon_core.package_identification:_identify(src/testing_server/hils_ws/install) by extension 'ignore'
[0.177s] Level 1:colcon.colcon_core.package_identification:_identify(src/testing_server/hils_ws/install) ignored
[0.177s] Level 1:colcon.colcon_core.package_identification:_identify(src/testing_server/hils_ws/log) by extensions ['ignore', 'ignore_ament_install']
[0.177s] Level 1:colcon.colcon_core.package_identification:_identify(src/testing_server/hils_ws/log) by extension 'ignore'
[0.177s] Level 1:colcon.colcon_core.package_identification:_identify(src/testing_server/hils_ws/log) ignored
[0.177s] Level 1:colcon.colcon_core.package_identification:_identify(src/testing_server/hils_ws/src) by extensions ['ignore', 'ignore_ament_install']
[0.178s] Level 1:colcon.colcon_core.package_identification:_identify(src/testing_server/hils_ws/src) by extension 'ignore'
[0.178s] Level 1:colcon.colcon_core.package_identification:_identify(src/testing_server/hils_ws/src) by extension 'ignore_ament_install'
[0.178s] Level 1:colcon.colcon_core.package_identification:_identify(src/testing_server/hils_ws/src) by extensions ['colcon_pkg']
[0.178s] Level 1:colcon.colcon_core.package_identification:_identify(src/testing_server/hils_ws/src) by extension 'colcon_pkg'
[0.178s] Level 1:colcon.colcon_core.package_identification:_identify(src/testing_server/hils_ws/src) by extensions ['colcon_meta']
[0.178s] Level 1:colcon.colcon_core.package_identification:_identify(src/testing_server/hils_ws/src) by extension 'colcon_meta'
[0.178s] Level 1:colcon.colcon_core.package_identification:_identify(src/testing_server/hils_ws/src) by extensions ['ros']
[0.178s] Level 1:colcon.colcon_core.package_identification:_identify(src/testing_server/hils_ws/src) by extension 'ros'
[0.178s] Level 1:colcon.colcon_core.package_identification:_identify(src/testing_server/hils_ws/src) by extensions ['cmake', 'python']
[0.178s] Level 1:colcon.colcon_core.package_identification:_identify(src/testing_server/hils_ws/src) by extension 'cmake'
[0.178s] Level 1:colcon.colcon_core.package_identification:_identify(src/testing_server/hils_ws/src) by extension 'python'
[0.178s] Level 1:colcon.colcon_core.package_identification:_identify(src/testing_server/hils_ws/src) by extensions ['python_setup_py']
[0.178s] Level 1:colcon.colcon_core.package_identification:_identify(src/testing_server/hils_ws/src) by extension 'python_setup_py'
[0.178s] Level 1:colcon.colcon_core.package_identification:_identify(src/testing_server/hils_ws/src/testing_server) by extensions ['ignore', 'ignore_ament_install']
[0.178s] Level 1:colcon.colcon_core.package_identification:_identify(src/testing_server/hils_ws/src/testing_server) by extension 'ignore'
[0.178s] Level 1:colcon.colcon_core.package_identification:_identify(src/testing_server/hils_ws/src/testing_server) by extension 'ignore_ament_install'
[0.179s] Level 1:colcon.colcon_core.package_identification:_identify(src/testing_server/hils_ws/src/testing_server) by extensions ['colcon_pkg']
[0.179s] Level 1:colcon.colcon_core.package_identification:_identify(src/testing_server/hils_ws/src/testing_server) by extension 'colcon_pkg'
[0.179s] Level 1:colcon.colcon_core.package_identification:_identify(src/testing_server/hils_ws/src/testing_server) by extensions ['colcon_meta']
[0.179s] Level 1:colcon.colcon_core.package_identification:_identify(src/testing_server/hils_ws/src/testing_server) by extension 'colcon_meta'
[0.179s] Level 1:colcon.colcon_core.package_identification:_identify(src/testing_server/hils_ws/src/testing_server) by extensions ['ros']
[0.179s] Level 1:colcon.colcon_core.package_identification:_identify(src/testing_server/hils_ws/src/testing_server) by extension 'ros'
[0.181s] DEBUG:colcon.colcon_core.package_identification:Package 'src/testing_server/hils_ws/src/testing_server' with type 'ros.ament_python' and name 'testing_server'
[0.182s] Level 1:colcon.colcon_core.package_identification:_identify(src/testing_server/ugv_ui) by extensions ['ignore', 'ignore_ament_install']
[0.182s] Level 1:colcon.colcon_core.package_identification:_identify(src/testing_server/ugv_ui) by extension 'ignore'
[0.182s] Level 1:colcon.colcon_core.package_identification:_identify(src/testing_server/ugv_ui) by extension 'ignore_ament_install'
[0.182s] Level 1:colcon.colcon_core.package_identification:_identify(src/testing_server/ugv_ui) by extensions ['colcon_pkg']
[0.182s] Level 1:colcon.colcon_core.package_identification:_identify(src/testing_server/ugv_ui) by extension 'colcon_pkg'
[0.182s] Level 1:colcon.colcon_core.package_identification:_identify(src/testing_server/ugv_ui) by extensions ['colcon_meta']
[0.182s] Level 1:colcon.colcon_core.package_identification:_identify(src/testing_server/ugv_ui) by extension 'colcon_meta'
[0.182s] Level 1:colcon.colcon_core.package_identification:_identify(src/testing_server/ugv_ui) by extensions ['ros']
[0.182s] Level 1:colcon.colcon_core.package_identification:_identify(src/testing_server/ugv_ui) by extension 'ros'
[0.182s] Level 1:colcon.colcon_core.package_identification:_identify(src/testing_server/ugv_ui) by extensions ['cmake', 'python']
[0.182s] Level 1:colcon.colcon_core.package_identification:_identify(src/testing_server/ugv_ui) by extension 'cmake'
[0.182s] Level 1:colcon.colcon_core.package_identification:_identify(src/testing_server/ugv_ui) by extension 'python'
[0.182s] Level 1:colcon.colcon_core.package_identification:_identify(src/testing_server/ugv_ui) by extensions ['python_setup_py']
[0.182s] Level 1:colcon.colcon_core.package_identification:_identify(src/testing_server/ugv_ui) by extension 'python_setup_py'
[0.182s] Level 1:colcon.colcon_core.package_identification:_identify(src/testing_server2) by extensions ['ignore', 'ignore_ament_install']
[0.183s] Level 1:colcon.colcon_core.package_identification:_identify(src/testing_server2) by extension 'ignore'
[0.183s] Level 1:colcon.colcon_core.package_identification:_identify(src/testing_server2) by extension 'ignore_ament_install'
[0.183s] Level 1:colcon.colcon_core.package_identification:_identify(src/testing_server2) by extensions ['colcon_pkg']
[0.183s] Level 1:colcon.colcon_core.package_identification:_identify(src/testing_server2) by extension 'colcon_pkg'
[0.183s] Level 1:colcon.colcon_core.package_identification:_identify(src/testing_server2) by extensions ['colcon_meta']
[0.183s] Level 1:colcon.colcon_core.package_identification:_identify(src/testing_server2) by extension 'colcon_meta'
[0.183s] Level 1:colcon.colcon_core.package_identification:_identify(src/testing_server2) by extensions ['ros']
[0.183s] Level 1:colcon.colcon_core.package_identification:_identify(src/testing_server2) by extension 'ros'
[0.183s] DEBUG:colcon.colcon_core.package_identification:Package 'src/testing_server2' with type 'ros.ament_python' and name 'testing_server2'
[0.183s] Level 1:colcon.colcon_core.package_discovery:discover_packages(recursive) using defaults
[0.183s] Level 1:colcon.colcon_core.package_discovery:discover_packages(ignore) discover
[0.183s] Level 1:colcon.colcon_core.package_discovery:discover_packages(ignore) using defaults
[0.184s] Level 1:colcon.colcon_core.package_discovery:discover_packages(path) discover
[0.184s] Level 1:colcon.colcon_core.package_discovery:discover_packages(path) using defaults
[0.208s] Level 1:colcon.colcon_core.package_discovery:discover_packages(prefix_path) check parameters
[0.208s] Level 1:colcon.colcon_core.package_discovery:discover_packages(prefix_path) discover
[0.212s] DEBUG:colcon.colcon_installed_package_information.package_discovery:Found 278 installed packages in /opt/ros/humble
[0.213s] Level 1:colcon.colcon_core.package_discovery:discover_packages(prefix_path) using defaults
[0.257s] Level 5:colcon.colcon_core.verb:set package 'testing_server' build argument 'cmake_args' from command line to 'None'
[0.257s] Level 5:colcon.colcon_core.verb:set package 'testing_server' build argument 'cmake_target' from command line to 'None'
[0.258s] Level 5:colcon.colcon_core.verb:set package 'testing_server' build argument 'cmake_target_skip_unavailable' from command line to 'False'
[0.258s] Level 5:colcon.colcon_core.verb:set package 'testing_server' build argument 'cmake_clean_cache' from command line to 'False'
[0.258s] Level 5:colcon.colcon_core.verb:set package 'testing_server' build argument 'cmake_clean_first' from command line to 'False'
[0.258s] Level 5:colcon.colcon_core.verb:set package 'testing_server' build argument 'cmake_force_configure' from command line to 'False'
[0.258s] Level 5:colcon.colcon_core.verb:set package 'testing_server' build argument 'ament_cmake_args' from command line to 'None'
[0.258s] Level 5:colcon.colcon_core.verb:set package 'testing_server' build argument 'catkin_cmake_args' from command line to 'None'
[0.258s] Level 5:colcon.colcon_core.verb:set package 'testing_server' build argument 'catkin_skip_building_tests' from command line to 'False'
[0.258s] DEBUG:colcon.colcon_core.verb:Building package 'testing_server' with the following arguments: {'ament_cmake_args': None, 'build_base': '/home/rex/hils/hils_ws/build/testing_server', 'catkin_cmake_args': None, 'catkin_skip_building_tests': False, 'cmake_args': None, 'cmake_clean_cache': False, 'cmake_clean_first': False, 'cmake_force_configure': False, 'cmake_target': None, 'cmake_target_skip_unavailable': False, 'install_base': '/home/rex/hils/hils_ws/install/testing_server', 'merge_install': False, 'path': '/home/rex/hils/hils_ws/src/testing_server/hils_ws/src/testing_server', 'symlink_install': False, 'test_result_base': None}
[0.258s] Level 5:colcon.colcon_core.verb:set package 'testing_server2' build argument 'cmake_args' from command line to 'None'
[0.258s] Level 5:colcon.colcon_core.verb:set package 'testing_server2' build argument 'cmake_target' from command line to 'None'
[0.258s] Level 5:colcon.colcon_core.verb:set package 'testing_server2' build argument 'cmake_target_skip_unavailable' from command line to 'False'
[0.258s] Level 5:colcon.colcon_core.verb:set package 'testing_server2' build argument 'cmake_clean_cache' from command line to 'False'
[0.258s] Level 5:colcon.colcon_core.verb:set package 'testing_server2' build argument 'cmake_clean_first' from command line to 'False'
[0.258s] Level 5:colcon.colcon_core.verb:set package 'testing_server2' build argument 'cmake_force_configure' from command line to 'False'
[0.259s] Level 5:colcon.colcon_core.verb:set package 'testing_server2' build argument 'ament_cmake_args' from command line to 'None'
[0.259s] Level 5:colcon.colcon_core.verb:set package 'testing_server2' build argument 'catkin_cmake_args' from command line to 'None'
[0.259s] Level 5:colcon.colcon_core.verb:set package 'testing_server2' build argument 'catkin_skip_building_tests' from command line to 'False'
[0.259s] DEBUG:colcon.colcon_core.verb:Building package 'testing_server2' with the following arguments: {'ament_cmake_args': None, 'build_base': '/home/rex/hils/hils_ws/build/testing_server2', 'catkin_cmake_args': None, 'catkin_skip_building_tests': False, 'cmake_args': None, 'cmake_clean_cache': False, 'cmake_clean_first': False, 'cmake_force_configure': False, 'cmake_target': None, 'cmake_target_skip_unavailable': False, 'install_base': '/home/rex/hils/hils_ws/install/testing_server2', 'merge_install': False, 'path': '/home/rex/hils/hils_ws/src/testing_server2', 'symlink_install': False, 'test_result_base': None}
[0.259s] INFO:colcon.colcon_core.executor:Executing jobs using 'parallel' executor
[0.260s] DEBUG:colcon.colcon_parallel_executor.executor.parallel:run_until_complete
[0.261s] INFO:colcon.colcon_ros.task.ament_python.build:Building ROS package in '/home/rex/hils/hils_ws/src/testing_server/hils_ws/src/testing_server' with build type 'ament_python'
[0.261s] Level 1:colcon.colcon_core.shell:create_environment_hook('testing_server', 'ament_prefix_path')
[0.263s] INFO:colcon.colcon_core.plugin_system:Skipping extension 'colcon_core.shell.bat': Not used on non-Windows systems
[0.263s] INFO:colcon.colcon_core.shell:Creating environment hook '/home/rex/hils/hils_ws/install/testing_server/share/testing_server/hook/ament_prefix_path.ps1'
[0.264s] INFO:colcon.colcon_core.shell:Creating environment descriptor '/home/rex/hils/hils_ws/install/testing_server/share/testing_server/hook/ament_prefix_path.dsv'
[0.265s] INFO:colcon.colcon_core.shell:Creating environment hook '/home/rex/hils/hils_ws/install/testing_server/share/testing_server/hook/ament_prefix_path.sh'
[0.266s] INFO:colcon.colcon_core.shell:Skip shell extension 'powershell' for command environment: Not usable outside of PowerShell
[0.266s] DEBUG:colcon.colcon_core.shell:Skip shell extension 'dsv' for command environment
[0.269s] INFO:colcon.colcon_ros.task.ament_python.build:Building ROS package in '/home/rex/hils/hils_ws/src/testing_server2' with build type 'ament_python'
[0.269s] Level 1:colcon.colcon_core.shell:create_environment_hook('testing_server2', 'ament_prefix_path')
[0.269s] INFO:colcon.colcon_core.shell:Creating environment hook '/home/rex/hils/hils_ws/install/testing_server2/share/testing_server2/hook/ament_prefix_path.ps1'
[0.270s] INFO:colcon.colcon_core.shell:Creating environment descriptor '/home/rex/hils/hils_ws/install/testing_server2/share/testing_server2/hook/ament_prefix_path.dsv'
[0.270s] INFO:colcon.colcon_core.shell:Creating environment hook '/home/rex/hils/hils_ws/install/testing_server2/share/testing_server2/hook/ament_prefix_path.sh'
[0.270s] INFO:colcon.colcon_core.shell:Skip shell extension 'powershell' for command environment: Not usable outside of PowerShell
[0.271s] DEBUG:colcon.colcon_core.shell:Skip shell extension 'dsv' for command environment
[0.481s] INFO:colcon.colcon_core.task.python.build:Building Python package in '/home/rex/hils/hils_ws/src/testing_server/hils_ws/src/testing_server'
[0.482s] INFO:colcon.colcon_core.shell:Skip shell extension 'powershell' for command environment: Not usable outside of PowerShell
[0.482s] DEBUG:colcon.colcon_core.shell:Skip shell extension 'dsv' for command environment
[0.685s] INFO:colcon.colcon_core.task.python.build:Building Python package in '/home/rex/hils/hils_ws/src/testing_server2'
[0.685s] INFO:colcon.colcon_core.shell:Skip shell extension 'powershell' for command environment: Not usable outside of PowerShell
[0.685s] DEBUG:colcon.colcon_core.shell:Skip shell extension 'dsv' for command environment
[1.483s] DEBUG:colcon.colcon_core.event_handler.log_command:Invoking command in '/home/rex/hils/hils_ws/src/testing_server/hils_ws/src/testing_server': PYTHONPATH=/home/rex/hils/hils_ws/build/testing_server/prefix_override:/usr/lib/python3/dist-packages/colcon_core/task/python/colcon_distutils_commands:/home/rex/hils/hils_ws/install/testing_server/lib/python3.10/site-packages:${PYTHONPATH} /usr/bin/python3 -W ignore:setup.py install is deprecated -W ignore:easy_install command is deprecated setup.py egg_info --egg-base ../../../../../build/testing_server build --build-base /home/rex/hils/hils_ws/build/testing_server/build install --record /home/rex/hils/hils_ws/build/testing_server/install.log --single-version-externally-managed install_data
[1.496s] DEBUG:colcon.colcon_core.event_handler.log_command:Invoking command in '/home/rex/hils/hils_ws/src/testing_server2': PYTHONPATH=/home/rex/hils/hils_ws/build/testing_server2/prefix_override:/usr/lib/python3/dist-packages/colcon_core/task/python/colcon_distutils_commands:/home/rex/hils/hils_ws/install/testing_server2/lib/python3.10/site-packages:${PYTHONPATH} /usr/bin/python3 -W ignore:setup.py install is deprecated -W ignore:easy_install command is deprecated setup.py egg_info --egg-base ../../build/testing_server2 build --build-base /home/rex/hils/hils_ws/build/testing_server2/build install --record /home/rex/hils/hils_ws/build/testing_server2/install.log --single-version-externally-managed install_data
[2.271s] DEBUG:colcon.colcon_core.event_handler.log_command:Invoked command in '/home/rex/hils/hils_ws/src/testing_server/hils_ws/src/testing_server' returned '0': PYTHONPATH=/home/rex/hils/hils_ws/build/testing_server/prefix_override:/usr/lib/python3/dist-packages/colcon_core/task/python/colcon_distutils_commands:/home/rex/hils/hils_ws/install/testing_server/lib/python3.10/site-packages:${PYTHONPATH} /usr/bin/python3 -W ignore:setup.py install is deprecated -W ignore:easy_install command is deprecated setup.py egg_info --egg-base ../../../../../build/testing_server build --build-base /home/rex/hils/hils_ws/build/testing_server/build install --record /home/rex/hils/hils_ws/build/testing_server/install.log --single-version-externally-managed install_data
[2.274s] Level 1:colcon.colcon_core.environment:checking '/home/rex/hils/hils_ws/install/testing_server' for CMake module files
[2.275s] Level 1:colcon.colcon_core.environment:checking '/home/rex/hils/hils_ws/install/testing_server' for CMake config files
[2.276s] Level 1:colcon.colcon_core.environment:checking '/home/rex/hils/hils_ws/install/testing_server/lib'
[2.277s] Level 1:colcon.colcon_core.environment:checking '/home/rex/hils/hils_ws/install/testing_server/bin'
[2.277s] Level 1:colcon.colcon_core.environment:checking '/home/rex/hils/hils_ws/install/testing_server/lib/pkgconfig/testing_server.pc'
[2.277s] Level 1:colcon.colcon_core.environment:checking '/home/rex/hils/hils_ws/install/testing_server/lib/python3.10/site-packages'
[2.277s] Level 1:colcon.colcon_core.shell:create_environment_hook('testing_server', 'pythonpath')
[2.278s] INFO:colcon.colcon_core.shell:Creating environment hook '/home/rex/hils/hils_ws/install/testing_server/share/testing_server/hook/pythonpath.ps1'
[2.279s] INFO:colcon.colcon_core.shell:Creating environment descriptor '/home/rex/hils/hils_ws/install/testing_server/share/testing_server/hook/pythonpath.dsv'
[2.280s] INFO:colcon.colcon_core.shell:Creating environment hook '/home/rex/hils/hils_ws/install/testing_server/share/testing_server/hook/pythonpath.sh'
[2.281s] Level 1:colcon.colcon_core.environment:checking '/home/rex/hils/hils_ws/install/testing_server/bin'
[2.281s] Level 1:colcon.colcon_core.environment:create_environment_scripts_only(testing_server)
[2.282s] INFO:colcon.colcon_core.shell:Creating package script '/home/rex/hils/hils_ws/install/testing_server/share/testing_server/package.ps1'
[2.283s] INFO:colcon.colcon_core.shell:Creating package descriptor '/home/rex/hils/hils_ws/install/testing_server/share/testing_server/package.dsv'
[2.284s] INFO:colcon.colcon_core.shell:Creating package script '/home/rex/hils/hils_ws/install/testing_server/share/testing_server/package.sh'
[2.286s] INFO:colcon.colcon_core.shell:Creating package script '/home/rex/hils/hils_ws/install/testing_server/share/testing_server/package.bash'
[2.287s] INFO:colcon.colcon_core.shell:Creating package script '/home/rex/hils/hils_ws/install/testing_server/share/testing_server/package.zsh'
[2.288s] Level 1:colcon.colcon_core.environment:create_file_with_runtime_dependencies(/home/rex/hils/hils_ws/install/testing_server/share/colcon-core/packages/testing_server)
[2.289s] Level 1:colcon.colcon_core.environment:checking '/home/rex/hils/hils_ws/install/testing_server2' for CMake module files
[2.290s] DEBUG:colcon.colcon_core.event_handler.log_command:Invoked command in '/home/rex/hils/hils_ws/src/testing_server2' returned '0': PYTHONPATH=/home/rex/hils/hils_ws/build/testing_server2/prefix_override:/usr/lib/python3/dist-packages/colcon_core/task/python/colcon_distutils_commands:/home/rex/hils/hils_ws/install/testing_server2/lib/python3.10/site-packages:${PYTHONPATH} /usr/bin/python3 -W ignore:setup.py install is deprecated -W ignore:easy_install command is deprecated setup.py egg_info --egg-base ../../build/testing_server2 build --build-base /home/rex/hils/hils_ws/build/testing_server2/build install --record /home/rex/hils/hils_ws/build/testing_server2/install.log --single-version-externally-managed install_data
[2.290s] Level 1:colcon.colcon_core.environment:checking '/home/rex/hils/hils_ws/install/testing_server2' for CMake config files
[2.291s] Level 1:colcon.colcon_core.environment:checking '/home/rex/hils/hils_ws/install/testing_server2/lib'
[2.291s] Level 1:colcon.colcon_core.environment:checking '/home/rex/hils/hils_ws/install/testing_server2/bin'
[2.291s] Level 1:colcon.colcon_core.environment:checking '/home/rex/hils/hils_ws/install/testing_server2/lib/pkgconfig/testing_server2.pc'
[2.291s] Level 1:colcon.colcon_core.environment:checking '/home/rex/hils/hils_ws/install/testing_server2/lib/python3.10/site-packages'
[2.291s] Level 1:colcon.colcon_core.shell:create_environment_hook('testing_server2', 'pythonpath')
[2.292s] INFO:colcon.colcon_core.shell:Creating environment hook '/home/rex/hils/hils_ws/install/testing_server2/share/testing_server2/hook/pythonpath.ps1'
[2.292s] INFO:colcon.colcon_core.shell:Creating environment descriptor '/home/rex/hils/hils_ws/install/testing_server2/share/testing_server2/hook/pythonpath.dsv'
[2.293s] INFO:colcon.colcon_core.shell:Creating environment hook '/home/rex/hils/hils_ws/install/testing_server2/share/testing_server2/hook/pythonpath.sh'
[2.294s] Level 1:colcon.colcon_core.environment:checking '/home/rex/hils/hils_ws/install/testing_server2/bin'
[2.294s] Level 1:colcon.colcon_core.environment:create_environment_scripts_only(testing_server2)
[2.295s] INFO:colcon.colcon_core.shell:Creating package script '/home/rex/hils/hils_ws/install/testing_server2/share/testing_server2/package.ps1'
[2.295s] INFO:colcon.colcon_core.shell:Creating package descriptor '/home/rex/hils/hils_ws/install/testing_server2/share/testing_server2/package.dsv'
[2.296s] INFO:colcon.colcon_core.shell:Creating package script '/home/rex/hils/hils_ws/install/testing_server2/share/testing_server2/package.sh'
[2.296s] INFO:colcon.colcon_core.shell:Creating package script '/home/rex/hils/hils_ws/install/testing_server2/share/testing_server2/package.bash'
[2.297s] INFO:colcon.colcon_core.shell:Creating package script '/home/rex/hils/hils_ws/install/testing_server2/share/testing_server2/package.zsh'
[2.297s] Level 1:colcon.colcon_core.environment:create_file_with_runtime_dependencies(/home/rex/hils/hils_ws/install/testing_server2/share/colcon-core/packages/testing_server2)
[2.298s] DEBUG:colcon.colcon_parallel_executor.executor.parallel:closing loop
[2.298s] DEBUG:colcon.colcon_parallel_executor.executor.parallel:loop closed
[2.298s] DEBUG:colcon.colcon_parallel_executor.executor.parallel:run_until_complete finished with '0'
[2.298s] DEBUG:colcon.colcon_core.event_reactor:joining thread
[2.308s] INFO:colcon.colcon_core.plugin_system:Skipping extension 'colcon_notification.desktop_notification.terminal_notifier': Not used on non-Darwin systems
[2.308s] INFO:colcon.colcon_core.plugin_system:Skipping extension 'colcon_notification.desktop_notification.win32': Not used on non-Windows systems
[2.308s] INFO:colcon.colcon_notification.desktop_notification:Sending desktop notification using 'notify2'
[2.328s] DEBUG:colcon.colcon_core.event_reactor:joined thread
[2.328s] INFO:colcon.colcon_core.shell:Creating prefix script '/home/rex/hils/hils_ws/install/local_setup.ps1'
[2.330s] INFO:colcon.colcon_core.shell:Creating prefix util module '/home/rex/hils/hils_ws/install/_local_setup_util_ps1.py'
[2.332s] INFO:colcon.colcon_core.shell:Creating prefix chain script '/home/rex/hils/hils_ws/install/setup.ps1'
[2.333s] INFO:colcon.colcon_core.shell:Creating prefix script '/home/rex/hils/hils_ws/install/local_setup.sh'
[2.334s] INFO:colcon.colcon_core.shell:Creating prefix util module '/home/rex/hils/hils_ws/install/_local_setup_util_sh.py'
[2.335s] INFO:colcon.colcon_core.shell:Creating prefix chain script '/home/rex/hils/hils_ws/install/setup.sh'
[2.336s] INFO:colcon.colcon_core.shell:Creating prefix script '/home/rex/hils/hils_ws/install/local_setup.bash'
[2.337s] INFO:colcon.colcon_core.shell:Creating prefix chain script '/home/rex/hils/hils_ws/install/setup.bash'
[2.339s] INFO:colcon.colcon_core.shell:Creating prefix script '/home/rex/hils/hils_ws/install/local_setup.zsh'
[2.340s] INFO:colcon.colcon_core.shell:Creating prefix chain script '/home/rex/hils/hils_ws/install/setup.zsh'
